This is pdfTeX, Version 3.141592653-2.6-1.40.22 (TeX Live 2022/dev/Debian) (preloaded format=pdflatex 2024.1.23)  23 JAN 2024 07:54
entering extended mode
 restricted \write18 enabled.
 file:line:error style messages enabled.
 %&-line parsing enabled.
**bare_jrnl_new_sample4.tex
(./bare_jrnl_new_sample4.tex
LaTeX2e <2021-11-15> patch level 1
L3 programming layer <2022-01-21>

! LaTeX Error: File `IEEEtran.cls' not found.

Type X to quit or <RETURN> to proceed,
or enter new name. (Default extension: cls)

Enter file name: 
./bare_jrnl_new_sample4.tex:2: Emergency stop.
<read *> 
         
l.2 \usepackage
               {amsmath,amsfonts}^^M 
Here is how much of TeX's memory you used:
 23 strings out of 480247
 546 string characters out of 5896151
 283961 words of memory out of 5000000
 18065 multiletter control sequences out of 15000+600000
 469259 words of font info for 28 fonts, out of 8000000 for 9000
 14 hyphenation exceptions out of 8191
 19i,0n,29p,101b,17s stack positions out of 5000i,500n,10000p,200000b,80000s

./bare_jrnl_new_sample4.tex:2:  ==> Fatal error occurred, no output PDF file pr
oduced!
